Analysis & Elaboration report for UART_Tx_Rx
Thu Mar 21 19:12:56 2024
Quartus Prime Version 20.1.1 Build 720 11/11/2020 SJ Lite Edition


---------------------
; Table of Contents ;
---------------------
  1. Legal Notice
  2. Analysis & Elaboration Summary
  3. Parallel Compilation
  4. Parameter Settings for User Entity Instance: UART_Full_Duplex:UART|UART_Rx:UART_Rx_i|Shift_Register_R_Param:shift_reg
  5. Parameter Settings for User Entity Instance: UART_Full_Duplex:UART|UART_Rx:UART_Rx_i|Reg_Param:rx_Data_reg
  6. Parameter Settings for User Entity Instance: UART_Full_Duplex:UART|UART_Rx:UART_Rx_i|Bit_Rate_Pulse:BR_pulse
  7. Parameter Settings for User Entity Instance: UART_Full_Duplex:UART|UART_Rx:UART_Rx_i|Counter_Param:Counter_bits
  8. Parameter Settings for User Entity Instance: UART_Full_Duplex:UART|UART_Rx:UART_Rx_i|Heard_Bit:design_monitor
  9. Parameter Settings for User Entity Instance: UART_Full_Duplex:UART|UART_Tx:UART_Tx_i|Counter_Param_Tx:Counter_Param_Tx_i
 10. Parameter Settings for User Entity Instance: UART_Register_Decode:UART_Reg|Rx_Register_Decoder:Rx_Decoder|Reg_Param:UART_RX_Register
 11. Parameter Settings for User Entity Instance: UART_Register_Decode:UART_Reg|Tx_Register_Decoder:Tx_Decoder|Reg_Param:UART_RX_Register
 12. Analysis & Elaboration Settings
 13. Port Connectivity Checks: "UART_Register_Decode:UART_Reg|Tx_Register_Decoder:Tx_Decoder"
 14. Port Connectivity Checks: "UART_Register_Decode:UART_Reg|Rx_Register_Decoder:Rx_Decoder|Reg_Param:UART_RX_Register"
 15. Port Connectivity Checks: "UART_Register_Decode:UART_Reg|Rx_Register_Decoder:Rx_Decoder"
 16. Port Connectivity Checks: "UART_Full_Duplex:UART|UART_Tx:UART_Tx_i|Serializer:Serializer_i"
 17. Port Connectivity Checks: "UART_Full_Duplex:UART|UART_Tx:UART_Tx_i|Bit_Rate_Pulse_Tx:Bit_Rate_Pulse_Tx_i"
 18. Port Connectivity Checks: "UART_Full_Duplex:UART|UART_Rx:UART_Rx_i|Heard_Bit:design_monitor"
 19. Port Connectivity Checks: "UART_Full_Duplex:UART|UART_Rx:UART_Rx_i|Bit_Rate_Pulse:BR_pulse"
 20. Analysis & Elaboration Messages
 21. Analysis & Elaboration Suppressed Messages



----------------
; Legal Notice ;
----------------
Copyright (C) 2020  Intel Corporation. All rights reserved.
Your use of Intel Corporation's design tools, logic functions 
and other software and tools, and any partner logic 
functions, and any output files from any of the foregoing 
(including device programming or simulation files), and any 
associated documentation or information are expressly subject 
to the terms and conditions of the Intel Program License 
Subscription Agreement, the Intel Quartus Prime License Agreement,
the Intel FPGA IP License Agreement, or other applicable license
agreement, including, without limitation, that your use is for
the sole purpose of programming logic devices manufactured by
Intel and sold by Intel or its authorized distributors.  Please
refer to the applicable agreement for further details, at
https://fpgasoftware.intel.com/eula.



+-----------------------------------------------------------------------------+
; Analysis & Elaboration Summary                                              ;
+-------------------------------+---------------------------------------------+
; Analysis & Elaboration Status ; Successful - Thu Mar 21 19:12:56 2024       ;
; Quartus Prime Version         ; 20.1.1 Build 720 11/11/2020 SJ Lite Edition ;
; Revision Name                 ; UART_Tx_Rx                                  ;
; Top-level Entity Name         ; UART_Tx_Rx                                  ;
; Family                        ; Cyclone V                                   ;
; Logic utilization (in ALMs)   ; N/A until Partition Merge                   ;
; Total registers               ; N/A until Partition Merge                   ;
; Total pins                    ; N/A until Partition Merge                   ;
; Total virtual pins            ; N/A until Partition Merge                   ;
; Total block memory bits       ; N/A until Partition Merge                   ;
; Total PLLs                    ; N/A until Partition Merge                   ;
; Total DLLs                    ; N/A until Partition Merge                   ;
+-------------------------------+---------------------------------------------+


+------------------------------------------+
; Parallel Compilation                     ;
+----------------------------+-------------+
; Processors                 ; Number      ;
+----------------------------+-------------+
; Number detected on machine ; 8           ;
; Maximum allowed            ; 4           ;
;                            ;             ;
; Average used               ; 1.00        ;
; Maximum used               ; 1           ;
;                            ;             ;
; Usage by Processor         ; % Time Used ;
;     Processor 1            ; 100.0%      ;
+----------------------------+-------------+


+-----------------------------------------------------------------------------------------------------------------------+
; Parameter Settings for User Entity Instance: UART_Full_Duplex:UART|UART_Rx:UART_Rx_i|Shift_Register_R_Param:shift_reg ;
+----------------+-------+----------------------------------------------------------------------------------------------+
; Parameter Name ; Value ; Type                                                                                         ;
+----------------+-------+----------------------------------------------------------------------------------------------+
; width          ; 9     ; Signed Integer                                                                               ;
+----------------+-------+----------------------------------------------------------------------------------------------+
Note: In order to hide this table in the UI and the text report file, please set the "Show Parameter Settings in Synthesis Report" option in "Analysis and Synthesis Settings -> More Settings" to "Off".


+------------------------------------------------------------------------------------------------------------+
; Parameter Settings for User Entity Instance: UART_Full_Duplex:UART|UART_Rx:UART_Rx_i|Reg_Param:rx_Data_reg ;
+----------------+-------+-----------------------------------------------------------------------------------+
; Parameter Name ; Value ; Type                                                                              ;
+----------------+-------+-----------------------------------------------------------------------------------+
; width          ; 9     ; Signed Integer                                                                    ;
+----------------+-------+-----------------------------------------------------------------------------------+
Note: In order to hide this table in the UI and the text report file, please set the "Show Parameter Settings in Synthesis Report" option in "Analysis and Synthesis Settings -> More Settings" to "Off".


+--------------------------------------------------------------------------------------------------------------+
; Parameter Settings for User Entity Instance: UART_Full_Duplex:UART|UART_Rx:UART_Rx_i|Bit_Rate_Pulse:BR_pulse ;
+----------------+-------+-------------------------------------------------------------------------------------+
; Parameter Name ; Value ; Type                                                                                ;
+----------------+-------+-------------------------------------------------------------------------------------+
; delay_counts   ; 5210  ; Signed Integer                                                                      ;
+----------------+-------+-------------------------------------------------------------------------------------+
Note: In order to hide this table in the UI and the text report file, please set the "Show Parameter Settings in Synthesis Report" option in "Analysis and Synthesis Settings -> More Settings" to "Off".


+-----------------------------------------------------------------------------------------------------------------+
; Parameter Settings for User Entity Instance: UART_Full_Duplex:UART|UART_Rx:UART_Rx_i|Counter_Param:Counter_bits ;
+----------------+-------+----------------------------------------------------------------------------------------+
; Parameter Name ; Value ; Type                                                                                   ;
+----------------+-------+----------------------------------------------------------------------------------------+
; n              ; 4     ; Signed Integer                                                                         ;
+----------------+-------+----------------------------------------------------------------------------------------+
Note: In order to hide this table in the UI and the text report file, please set the "Show Parameter Settings in Synthesis Report" option in "Analysis and Synthesis Settings -> More Settings" to "Off".


+---------------------------------------------------------------------------------------------------------------+
; Parameter Settings for User Entity Instance: UART_Full_Duplex:UART|UART_Rx:UART_Rx_i|Heard_Bit:design_monitor ;
+--------------------+----------+-------------------------------------------------------------------------------+
; Parameter Name     ; Value    ; Type                                                                          ;
+--------------------+----------+-------------------------------------------------------------------------------+
; Half_Period_Counts ; 25000000 ; Signed Integer                                                                ;
+--------------------+----------+-------------------------------------------------------------------------------+
Note: In order to hide this table in the UI and the text report file, please set the "Show Parameter Settings in Synthesis Report" option in "Analysis and Synthesis Settings -> More Settings" to "Off".


+--------------------------------------------------------------------------------------------------------------------------+
; Parameter Settings for User Entity Instance: UART_Full_Duplex:UART|UART_Tx:UART_Tx_i|Counter_Param_Tx:Counter_Param_Tx_i ;
+----------------+-------+-------------------------------------------------------------------------------------------------+
; Parameter Name ; Value ; Type                                                                                            ;
+----------------+-------+-------------------------------------------------------------------------------------------------+
; n              ; 4     ; Signed Integer                                                                                  ;
+----------------+-------+-------------------------------------------------------------------------------------------------+
Note: In order to hide this table in the UI and the text report file, please set the "Show Parameter Settings in Synthesis Report" option in "Analysis and Synthesis Settings -> More Settings" to "Off".


+--------------------------------------------------------------------------------------------------------------------------------------+
; Parameter Settings for User Entity Instance: UART_Register_Decode:UART_Reg|Rx_Register_Decoder:Rx_Decoder|Reg_Param:UART_RX_Register ;
+----------------+-------+-------------------------------------------------------------------------------------------------------------+
; Parameter Name ; Value ; Type                                                                                                        ;
+----------------+-------+-------------------------------------------------------------------------------------------------------------+
; width          ; 32    ; Signed Integer                                                                                              ;
+----------------+-------+-------------------------------------------------------------------------------------------------------------+
Note: In order to hide this table in the UI and the text report file, please set the "Show Parameter Settings in Synthesis Report" option in "Analysis and Synthesis Settings -> More Settings" to "Off".


+--------------------------------------------------------------------------------------------------------------------------------------+
; Parameter Settings for User Entity Instance: UART_Register_Decode:UART_Reg|Tx_Register_Decoder:Tx_Decoder|Reg_Param:UART_RX_Register ;
+----------------+-------+-------------------------------------------------------------------------------------------------------------+
; Parameter Name ; Value ; Type                                                                                                        ;
+----------------+-------+-------------------------------------------------------------------------------------------------------------+
; width          ; 32    ; Signed Integer                                                                                              ;
+----------------+-------+-------------------------------------------------------------------------------------------------------------+
Note: In order to hide this table in the UI and the text report file, please set the "Show Parameter Settings in Synthesis Report" option in "Analysis and Synthesis Settings -> More Settings" to "Off".


+---------------------------------------------------------------------------------------------------------------------------+
; Analysis & Elaboration Settings                                                                                           ;
+---------------------------------------------------------------------------------+--------------------+--------------------+
; Option                                                                          ; Setting            ; Default Value      ;
+---------------------------------------------------------------------------------+--------------------+--------------------+
; Device                                                                          ; 5CSXFC6D6F31C6     ;                    ;
; Top-level entity name                                                           ; UART_Tx_Rx         ; UART_Tx_Rx         ;
; Family name                                                                     ; Cyclone V          ; Cyclone V          ;
; Use smart compilation                                                           ; Off                ; Off                ;
; Enable parallel Assembler and Timing Analyzer during compilation                ; On                 ; On                 ;
; Enable compact report table                                                     ; Off                ; Off                ;
; Restructure Multiplexers                                                        ; Auto               ; Auto               ;
; MLAB Add Timing Constraints For Mixed-Port Feed-Through Mode Setting Don't Care ; Off                ; Off                ;
; Create Debugging Nodes for IP Cores                                             ; Off                ; Off                ;
; Preserve fewer node names                                                       ; On                 ; On                 ;
; Intel FPGA IP Evaluation Mode                                                   ; Enable             ; Enable             ;
; Verilog Version                                                                 ; Verilog_2001       ; Verilog_2001       ;
; VHDL Version                                                                    ; VHDL_1993          ; VHDL_1993          ;
; State Machine Processing                                                        ; Auto               ; Auto               ;
; Safe State Machine                                                              ; Off                ; Off                ;
; Extract Verilog State Machines                                                  ; On                 ; On                 ;
; Extract VHDL State Machines                                                     ; On                 ; On                 ;
; Ignore Verilog initial constructs                                               ; Off                ; Off                ;
; Iteration limit for constant Verilog loops                                      ; 5000               ; 5000               ;
; Iteration limit for non-constant Verilog loops                                  ; 250                ; 250                ;
; Add Pass-Through Logic to Inferred RAMs                                         ; On                 ; On                 ;
; Infer RAMs from Raw Logic                                                       ; On                 ; On                 ;
; Parallel Synthesis                                                              ; On                 ; On                 ;
; DSP Block Balancing                                                             ; Auto               ; Auto               ;
; NOT Gate Push-Back                                                              ; On                 ; On                 ;
; Power-Up Don't Care                                                             ; On                 ; On                 ;
; Remove Redundant Logic Cells                                                    ; Off                ; Off                ;
; Remove Duplicate Registers                                                      ; On                 ; On                 ;
; Ignore CARRY Buffers                                                            ; Off                ; Off                ;
; Ignore CASCADE Buffers                                                          ; Off                ; Off                ;
; Ignore GLOBAL Buffers                                                           ; Off                ; Off                ;
; Ignore ROW GLOBAL Buffers                                                       ; Off                ; Off                ;
; Ignore LCELL Buffers                                                            ; Off                ; Off                ;
; Ignore SOFT Buffers                                                             ; On                 ; On                 ;
; Limit AHDL Integers to 32 Bits                                                  ; Off                ; Off                ;
; Optimization Technique                                                          ; Balanced           ; Balanced           ;
; Carry Chain Length                                                              ; 70                 ; 70                 ;
; Auto Carry Chains                                                               ; On                 ; On                 ;
; Auto Open-Drain Pins                                                            ; On                 ; On                 ;
; Perform WYSIWYG Primitive Resynthesis                                           ; Off                ; Off                ;
; Auto ROM Replacement                                                            ; On                 ; On                 ;
; Auto RAM Replacement                                                            ; On                 ; On                 ;
; Auto DSP Block Replacement                                                      ; On                 ; On                 ;
; Auto Shift Register Replacement                                                 ; Auto               ; Auto               ;
; Allow Shift Register Merging across Hierarchies                                 ; Auto               ; Auto               ;
; Auto Clock Enable Replacement                                                   ; On                 ; On                 ;
; Strict RAM Replacement                                                          ; Off                ; Off                ;
; Allow Synchronous Control Signals                                               ; On                 ; On                 ;
; Force Use of Synchronous Clear Signals                                          ; Off                ; Off                ;
; Auto Resource Sharing                                                           ; Off                ; Off                ;
; Allow Any RAM Size For Recognition                                              ; Off                ; Off                ;
; Allow Any ROM Size For Recognition                                              ; Off                ; Off                ;
; Allow Any Shift Register Size For Recognition                                   ; Off                ; Off                ;
; Use LogicLock Constraints during Resource Balancing                             ; On                 ; On                 ;
; Ignore translate_off and synthesis_off directives                               ; Off                ; Off                ;
; Timing-Driven Synthesis                                                         ; On                 ; On                 ;
; Report Parameter Settings                                                       ; On                 ; On                 ;
; Report Source Assignments                                                       ; On                 ; On                 ;
; Report Connectivity Checks                                                      ; On                 ; On                 ;
; Ignore Maximum Fan-Out Assignments                                              ; Off                ; Off                ;
; Synchronization Register Chain Length                                           ; 3                  ; 3                  ;
; Power Optimization During Synthesis                                             ; Normal compilation ; Normal compilation ;
; HDL message level                                                               ; Level2             ; Level2             ;
; Suppress Register Optimization Related Messages                                 ; Off                ; Off                ;
; Number of Removed Registers Reported in Synthesis Report                        ; 5000               ; 5000               ;
; Number of Swept Nodes Reported in Synthesis Report                              ; 5000               ; 5000               ;
; Number of Inverted Registers Reported in Synthesis Report                       ; 100                ; 100                ;
; Clock MUX Protection                                                            ; On                 ; On                 ;
; Auto Gated Clock Conversion                                                     ; Off                ; Off                ;
; Block Design Naming                                                             ; Auto               ; Auto               ;
; SDC constraint protection                                                       ; Off                ; Off                ;
; Synthesis Effort                                                                ; Auto               ; Auto               ;
; Shift Register Replacement - Allow Asynchronous Clear Signal                    ; On                 ; On                 ;
; Pre-Mapping Resynthesis Optimization                                            ; Off                ; Off                ;
; Analysis & Synthesis Message Level                                              ; Medium             ; Medium             ;
; Disable Register Merging Across Hierarchies                                     ; Auto               ; Auto               ;
; Resource Aware Inference For Block RAM                                          ; On                 ; On                 ;
; Automatic Parallel Synthesis                                                    ; On                 ; On                 ;
; Partial Reconfiguration Bitstream ID                                            ; Off                ; Off                ;
+---------------------------------------------------------------------------------+--------------------+--------------------+


+------------------------------------------------------------------------------------------------------------------------------+
; Port Connectivity Checks: "UART_Register_Decode:UART_Reg|Tx_Register_Decoder:Tx_Decoder"                                     ;
+--------------------+--------+----------+-------------------------------------------------------------------------------------+
; Port               ; Type   ; Severity ; Details                                                                             ;
+--------------------+--------+----------+-------------------------------------------------------------------------------------+
; Reg_UART_Tx[31..9] ; Input  ; Info     ; Stuck at GND                                                                        ;
; UART_Tx_Reg        ; Output ; Info     ; Connected to dangling logic. Logic that only feeds a dangling port will be removed. ;
+--------------------+--------+----------+-------------------------------------------------------------------------------------+


+-----------------------------------------------------------------------------------------------------------------------------------------------------------------------+
; Port Connectivity Checks: "UART_Register_Decode:UART_Reg|Rx_Register_Decoder:Rx_Decoder|Reg_Param:UART_RX_Register"                                                   ;
+------+-------+----------+---------------------------------------------------------------------------------------------------------------------------------------------+
; Port ; Type  ; Severity ; Details                                                                                                                                     ;
+------+-------+----------+---------------------------------------------------------------------------------------------------------------------------------------------+
; D    ; Input ; Warning  ; Input port expression (1 bits) is smaller than the input port (32 bits) it drives.  Extra input bit(s) "D[31..1]" will be connected to GND. ;
+------+-------+----------+---------------------------------------------------------------------------------------------------------------------------------------------+


+---------------------------------------------------------------------------------------------------------------------------------------------------------------------------------------------------------------------+
; Port Connectivity Checks: "UART_Register_Decode:UART_Reg|Rx_Register_Decoder:Rx_Decoder"                                                                                                                            ;
+-------------+-------+----------+------------------------------------------------------------------------------------------------------------------------------------------------------------------------------------+
; Port        ; Type  ; Severity ; Details                                                                                                                                                                            ;
+-------------+-------+----------+------------------------------------------------------------------------------------------------------------------------------------------------------------------------------------+
; Reg_UART_Rx ; Input ; Warning  ; Input port expression (32 bits) is wider than the input port (1 bits) it drives.  The 31 most-significant bit(s) in the expression will be dangling if they have no other fanouts. ;
+-------------+-------+----------+------------------------------------------------------------------------------------------------------------------------------------------------------------------------------------+


+-----------------------------------------------------------------------------------------------------------------------------------------------------------------------------------------------------------------+
; Port Connectivity Checks: "UART_Full_Duplex:UART|UART_Tx:UART_Tx_i|Serializer:Serializer_i"                                                                                                                     ;
+-----------+-------+----------+----------------------------------------------------------------------------------------------------------------------------------------------------------------------------------+
; Port      ; Type  ; Severity ; Details                                                                                                                                                                          ;
+-----------+-------+----------+----------------------------------------------------------------------------------------------------------------------------------------------------------------------------------+
; counter_i ; Input ; Warning  ; Input port expression (4 bits) is wider than the input port (3 bits) it drives.  The 1 most-significant bit(s) in the expression will be dangling if they have no other fanouts. ;
+-----------+-------+----------+----------------------------------------------------------------------------------------------------------------------------------------------------------------------------------+


+-----------------------------------------------------------------------------------------------------------+
; Port Connectivity Checks: "UART_Full_Duplex:UART|UART_Tx:UART_Tx_i|Bit_Rate_Pulse_Tx:Bit_Rate_Pulse_Tx_i" ;
+---------------+-------+----------+------------------------------------------------------------------------+
; Port          ; Type  ; Severity ; Details                                                                ;
+---------------+-------+----------+------------------------------------------------------------------------+
; limit[4..3]   ; Input ; Info     ; Stuck at VCC                                                           ;
; limit[31..13] ; Input ; Info     ; Stuck at GND                                                           ;
; limit[9..7]   ; Input ; Info     ; Stuck at GND                                                           ;
; limit[2..0]   ; Input ; Info     ; Stuck at GND                                                           ;
; limit[12]     ; Input ; Info     ; Stuck at VCC                                                           ;
; limit[11]     ; Input ; Info     ; Stuck at GND                                                           ;
; limit[10]     ; Input ; Info     ; Stuck at VCC                                                           ;
; limit[6]      ; Input ; Info     ; Stuck at VCC                                                           ;
; limit[5]      ; Input ; Info     ; Stuck at GND                                                           ;
; enable        ; Input ; Info     ; Stuck at VCC                                                           ;
+---------------+-------+----------+------------------------------------------------------------------------+


+----------------------------------------------------------------------------------------------+
; Port Connectivity Checks: "UART_Full_Duplex:UART|UART_Rx:UART_Rx_i|Heard_Bit:design_monitor" ;
+--------+-------+----------+------------------------------------------------------------------+
; Port   ; Type  ; Severity ; Details                                                          ;
+--------+-------+----------+------------------------------------------------------------------+
; enable ; Input ; Info     ; Stuck at VCC                                                     ;
+--------+-------+----------+------------------------------------------------------------------+


+---------------------------------------------------------------------------------------------+
; Port Connectivity Checks: "UART_Full_Duplex:UART|UART_Rx:UART_Rx_i|Bit_Rate_Pulse:BR_pulse" ;
+--------+-------+----------+-----------------------------------------------------------------+
; Port   ; Type  ; Severity ; Details                                                         ;
+--------+-------+----------+-----------------------------------------------------------------+
; enable ; Input ; Info     ; Stuck at VCC                                                    ;
+--------+-------+----------+-----------------------------------------------------------------+


+---------------------------------+
; Analysis & Elaboration Messages ;
+---------------------------------+
Info: *******************************************************************
Info: Running Quartus Prime Analysis & Elaboration
    Info: Version 20.1.1 Build 720 11/11/2020 SJ Lite Edition
    Info: Processing started: Thu Mar 21 19:12:40 2024
Info: Command: quartus_map --read_settings_files=on --write_settings_files=off UART_Tx_Rx -c UART_Tx_Rx --analysis_and_elaboration
Warning (18236): Number of processors has not been specified which may cause overloading on shared machines.  Set the global assignment NUM_PARALLEL_PROCESSORS in your QSF to an appropriate value for best performance.
Info (20030): Parallel compilation is enabled and will use 4 of the 4 processors detected
Info (12021): Found 1 design units, including 1 entities, in source file src/uart_tx_tb.v
    Info (12023): Found entity 1: UART_Tx_tb File: C:/disenio_de_microprocesadores/Quartus/UART_Tx_Rx/src/UART_Tx_tb.v Line: 2
Info (12021): Found 1 design units, including 1 entities, in source file src/uart_tx_fsm.v
    Info (12023): Found entity 1: Uart_Tx_Fsm File: C:/disenio_de_microprocesadores/Quartus/UART_Tx_Rx/src/Uart_Tx_Fsm.v Line: 2
Info (12021): Found 1 design units, including 1 entities, in source file src/uart_tx.v
    Info (12023): Found entity 1: UART_Tx File: C:/disenio_de_microprocesadores/Quartus/UART_Tx_Rx/src/UART_Tx.v Line: 1
Info (12021): Found 1 design units, including 1 entities, in source file src/uart_rx_tb.v
    Info (12023): Found entity 1: UART_Rx_TB File: C:/disenio_de_microprocesadores/Quartus/UART_Tx_Rx/src/UART_Rx_TB.v Line: 5
Info (12021): Found 1 design units, including 1 entities, in source file src/uart_rx.v
    Info (12023): Found entity 1: UART_Rx File: C:/disenio_de_microprocesadores/Quartus/UART_Tx_Rx/src/UART_Rx.v Line: 2
Info (12021): Found 1 design units, including 1 entities, in source file src/uart_full_duplex.v
    Info (12023): Found entity 1: UART_Full_Duplex File: C:/disenio_de_microprocesadores/Quartus/UART_Tx_Rx/src/UART_Full_Duplex.v Line: 1
Info (12021): Found 1 design units, including 1 entities, in source file src/shift_register_r_param.v
    Info (12023): Found entity 1: Shift_Register_R_Param File: C:/disenio_de_microprocesadores/Quartus/UART_Tx_Rx/src/Shift_Register_R_Param.v Line: 7
Info (12021): Found 1 design units, including 1 entities, in source file src/serializer.v
    Info (12023): Found entity 1: Serializer File: C:/disenio_de_microprocesadores/Quartus/UART_Tx_Rx/src/Serializer.v Line: 2
Info (12021): Found 1 design units, including 1 entities, in source file src/reg_param.v
    Info (12023): Found entity 1: Reg_Param File: C:/disenio_de_microprocesadores/Quartus/UART_Tx_Rx/src/Reg_Param.v Line: 5
Info (12021): Found 1 design units, including 1 entities, in source file src/heard_bit.v
    Info (12023): Found entity 1: Heard_Bit File: C:/disenio_de_microprocesadores/Quartus/UART_Tx_Rx/src/Heard_Bit.v Line: 8
Info (12021): Found 1 design units, including 1 entities, in source file src/fsm_uart_rx.v
    Info (12023): Found entity 1: FSM_UART_Rx File: C:/disenio_de_microprocesadores/Quartus/UART_Tx_Rx/src/FSM_UART_Rx.v Line: 7
Info (12021): Found 1 design units, including 1 entities, in source file src/ff_d_enable.v
    Info (12023): Found entity 1: FF_D_enable File: C:/disenio_de_microprocesadores/Quartus/UART_Tx_Rx/src/FF_D_enable.v Line: 6
Info (12021): Found 1 design units, including 1 entities, in source file src/decoderbindec7seg.v
    Info (12023): Found entity 1: decoder_bin_hex_7seg File: C:/disenio_de_microprocesadores/Quartus/UART_Tx_Rx/src/DecoderBinDec7seg.v Line: 1
Info (12021): Found 1 design units, including 1 entities, in source file src/counter_param_tx.v
    Info (12023): Found entity 1: Counter_Param_Tx File: C:/disenio_de_microprocesadores/Quartus/UART_Tx_Rx/src/Counter_Param_Tx.v Line: 6
Info (12021): Found 1 design units, including 1 entities, in source file src/counter_param.v
    Info (12023): Found entity 1: Counter_Param File: C:/disenio_de_microprocesadores/Quartus/UART_Tx_Rx/src/Counter_Param.v Line: 7
Info (12021): Found 1 design units, including 1 entities, in source file src/bit_rate_pulse_tx.v
    Info (12023): Found entity 1: Bit_Rate_Pulse_Tx File: C:/disenio_de_microprocesadores/Quartus/UART_Tx_Rx/src/Bit_Rate_Pulse_Tx.v Line: 3
Info (12021): Found 1 design units, including 1 entities, in source file src/bit_rate_pulse.v
    Info (12023): Found entity 1: Bit_Rate_Pulse File: C:/disenio_de_microprocesadores/Quartus/UART_Tx_Rx/src/Bit_Rate_Pulse.v Line: 7
Info (12021): Found 1 design units, including 1 entities, in source file src/uart_tx_rx.v
    Info (12023): Found entity 1: UART_Tx_Rx File: C:/disenio_de_microprocesadores/Quartus/UART_Tx_Rx/src/UART_Tx_Rx.v Line: 1
Info (12021): Found 1 design units, including 1 entities, in source file src/uart_register_decode.v
    Info (12023): Found entity 1: UART_Register_Decode File: C:/disenio_de_microprocesadores/Quartus/UART_Tx_Rx/src/UART_Register_Decode.v Line: 1
Info (12021): Found 1 design units, including 1 entities, in source file src/uart_tx_rx_tb.v
    Info (12023): Found entity 1: UART_Tx_Rx_TB File: C:/disenio_de_microprocesadores/Quartus/UART_Tx_Rx/src/UART_Tx_Rx_TB.v Line: 2
Info (12021): Found 1 design units, including 1 entities, in source file src/rx_register_decoder.v
    Info (12023): Found entity 1: Rx_Register_Decoder File: C:/disenio_de_microprocesadores/Quartus/UART_Tx_Rx/src/Rx_Register_Decoder.v Line: 1
Info (12021): Found 1 design units, including 1 entities, in source file src/tx_register_encoder.v
    Info (12023): Found entity 1: Tx_Register_Encoder File: C:/disenio_de_microprocesadores/Quartus/UART_Tx_Rx/src/Tx_Register_Encoder.v Line: 1
Info (12021): Found 1 design units, including 1 entities, in source file src/tx_register_decoder.v
    Info (12023): Found entity 1: Tx_Register_Decoder File: C:/disenio_de_microprocesadores/Quartus/UART_Tx_Rx/src/Tx_Register_Decoder.v Line: 1
Info (12127): Elaborating entity "UART_Tx_Rx" for the top level hierarchy
Info (12128): Elaborating entity "UART_Full_Duplex" for hierarchy "UART_Full_Duplex:UART" File: C:/disenio_de_microprocesadores/Quartus/UART_Tx_Rx/src/UART_Tx_Rx.v Line: 43
Info (12128): Elaborating entity "UART_Rx" for hierarchy "UART_Full_Duplex:UART|UART_Rx:UART_Rx_i" File: C:/disenio_de_microprocesadores/Quartus/UART_Tx_Rx/src/UART_Full_Duplex.v Line: 36
Info (12128): Elaborating entity "Shift_Register_R_Param" for hierarchy "UART_Full_Duplex:UART|UART_Rx:UART_Rx_i|Shift_Register_R_Param:shift_reg" File: C:/disenio_de_microprocesadores/Quartus/UART_Tx_Rx/src/UART_Rx.v Line: 34
Info (12128): Elaborating entity "Reg_Param" for hierarchy "UART_Full_Duplex:UART|UART_Rx:UART_Rx_i|Reg_Param:rx_Data_reg" File: C:/disenio_de_microprocesadores/Quartus/UART_Tx_Rx/src/UART_Rx.v Line: 45
Info (12128): Elaborating entity "FF_D_enable" for hierarchy "UART_Full_Duplex:UART|UART_Rx:UART_Rx_i|FF_D_enable:ff_par" File: C:/disenio_de_microprocesadores/Quartus/UART_Tx_Rx/src/UART_Rx.v Line: 53
Info (12128): Elaborating entity "Bit_Rate_Pulse" for hierarchy "UART_Full_Duplex:UART|UART_Rx:UART_Rx_i|Bit_Rate_Pulse:BR_pulse" File: C:/disenio_de_microprocesadores/Quartus/UART_Tx_Rx/src/UART_Rx.v Line: 67
Info (12128): Elaborating entity "FSM_UART_Rx" for hierarchy "UART_Full_Duplex:UART|UART_Rx:UART_Rx_i|FSM_UART_Rx:FSM_Rx" File: C:/disenio_de_microprocesadores/Quartus/UART_Tx_Rx/src/UART_Rx.v Line: 81
Info (12128): Elaborating entity "Counter_Param" for hierarchy "UART_Full_Duplex:UART|UART_Rx:UART_Rx_i|Counter_Param:Counter_bits" File: C:/disenio_de_microprocesadores/Quartus/UART_Tx_Rx/src/UART_Rx.v Line: 91
Info (12128): Elaborating entity "Heard_Bit" for hierarchy "UART_Full_Duplex:UART|UART_Rx:UART_Rx_i|Heard_Bit:design_monitor" File: C:/disenio_de_microprocesadores/Quartus/UART_Tx_Rx/src/UART_Rx.v Line: 101
Info (12128): Elaborating entity "UART_Tx" for hierarchy "UART_Full_Duplex:UART|UART_Tx:UART_Tx_i" File: C:/disenio_de_microprocesadores/Quartus/UART_Tx_Rx/src/UART_Full_Duplex.v Line: 46
Info (12128): Elaborating entity "Counter_Param_Tx" for hierarchy "UART_Full_Duplex:UART|UART_Tx:UART_Tx_i|Counter_Param_Tx:Counter_Param_Tx_i" File: C:/disenio_de_microprocesadores/Quartus/UART_Tx_Rx/src/UART_Tx.v Line: 42
Info (12128): Elaborating entity "Bit_Rate_Pulse_Tx" for hierarchy "UART_Full_Duplex:UART|UART_Tx:UART_Tx_i|Bit_Rate_Pulse_Tx:Bit_Rate_Pulse_Tx_i" File: C:/disenio_de_microprocesadores/Quartus/UART_Tx_Rx/src/UART_Tx.v Line: 50
Info (12128): Elaborating entity "Uart_Tx_Fsm" for hierarchy "UART_Full_Duplex:UART|UART_Tx:UART_Tx_i|Uart_Tx_Fsm:Uart_Tx_Fsm_i" File: C:/disenio_de_microprocesadores/Quartus/UART_Tx_Rx/src/UART_Tx.v Line: 63
Info (12128): Elaborating entity "Serializer" for hierarchy "UART_Full_Duplex:UART|UART_Tx:UART_Tx_i|Serializer:Serializer_i" File: C:/disenio_de_microprocesadores/Quartus/UART_Tx_Rx/src/UART_Tx.v Line: 74
Info (12128): Elaborating entity "UART_Register_Decode" for hierarchy "UART_Register_Decode:UART_Reg" File: C:/disenio_de_microprocesadores/Quartus/UART_Tx_Rx/src/UART_Tx_Rx.v Line: 63
Info (10264): Verilog HDL Case Statement information at UART_Register_Decode.v(90): all case item expressions in this case statement are onehot File: C:/disenio_de_microprocesadores/Quartus/UART_Tx_Rx/src/UART_Register_Decode.v Line: 90
Info (12128): Elaborating entity "Rx_Register_Decoder" for hierarchy "UART_Register_Decode:UART_Reg|Rx_Register_Decoder:Rx_Decoder" File: C:/disenio_de_microprocesadores/Quartus/UART_Tx_Rx/src/UART_Register_Decode.v Line: 56
Info (12128): Elaborating entity "Reg_Param" for hierarchy "UART_Register_Decode:UART_Reg|Rx_Register_Decoder:Rx_Decoder|Reg_Param:UART_RX_Register" File: C:/disenio_de_microprocesadores/Quartus/UART_Tx_Rx/src/Rx_Register_Decoder.v Line: 22
Info (12128): Elaborating entity "Tx_Register_Encoder" for hierarchy "UART_Register_Decode:UART_Reg|Tx_Register_Encoder:Tx_Encoder" File: C:/disenio_de_microprocesadores/Quartus/UART_Tx_Rx/src/UART_Register_Decode.v Line: 67
Info (12128): Elaborating entity "Tx_Register_Decoder" for hierarchy "UART_Register_Decode:UART_Reg|Tx_Register_Decoder:Tx_Decoder" File: C:/disenio_de_microprocesadores/Quartus/UART_Tx_Rx/src/UART_Register_Decode.v Line: 77
Warning (12241): 3 hierarchies have connectivity warnings - see the Connectivity Checks report folder
Info (144001): Generated suppressed messages file C:/disenio_de_microprocesadores/Quartus/UART_Tx_Rx/output_files/UART_Tx_Rx.map.smsg
Info: Quartus Prime Analysis & Elaboration was successful. 0 errors, 2 warnings
    Info: Peak virtual memory: 4771 megabytes
    Info: Processing ended: Thu Mar 21 19:12:56 2024
    Info: Elapsed time: 00:00:16
    Info: Total CPU time (on all processors): 00:00:12


+--------------------------------------------+
; Analysis & Elaboration Suppressed Messages ;
+--------------------------------------------+
The suppressed messages can be found in C:/disenio_de_microprocesadores/Quartus/UART_Tx_Rx/output_files/UART_Tx_Rx.map.smsg.


